Instance vm-zqin-test with status TERMINATED in ZONE taiwan will start
Instance vm-zqin-rhel6-ldap-00075363 with status TERMINATED in ZONE taiwan will start
Instance vm-rchinta-centos73-test with status TERMINATED in ZONE frankfurt will start
Instance vm-spappala-ubuntu16-bigdata631-mysql56-mapr52-00075268 with status TERMINATED in ZONE frankfurt will start
Instance vm-windowsserver2012-fabric-631 with status TERMINATED in ZONE iowa will start
Instance vm-hschueler-southerncaliforniaedisoncompany-00077955-d with status TERMINATED in ZONE s_carolina will start
Instance vm-rarcot-mnh-00078328 with status TERMINATED in ZONE n_virginia will start
Instance vm-zqin-test with status TERMINATED in ZONE taiwan will start
Instance vm-zqin-rhel6-ldap-00075363 with status TERMINATED in ZONE taiwan will start
Instance vm-rchinta-centos73-test with status TERMINATED in ZONE frankfurt will start
Instance vm-spappala-ubuntu16-bigdata631-mysql56-mapr52-00075268 with status TERMINATED in ZONE frankfurt will start
Instance vm-windowsserver2012-fabric-631 with status TERMINATED in ZONE iowa will start
Instance vm-hschueler-southerncaliforniaedisoncompany-00077955-d with status TERMINATED in ZONE s_carolina will start
Instance vm-rarcot-mnh-00078328 with status TERMINATED in ZONE n_virginia will start
Instance vm-zqin-test with status TERMINATED in ZONE taiwan will start
Instance vm-zqin-rhel6-ldap-00075363 with status TERMINATED in ZONE taiwan will start
Instance vm-rchinta-centos73-test with status TERMINATED in ZONE frankfurt will start
Instance vm-spappala-ubuntu16-bigdata631-mysql56-mapr52-00075268 with status TERMINATED in ZONE frankfurt will start
Instance vm-windowsserver2012-fabric-631 with status TERMINATED in ZONE iowa will start
Instance vm-hschueler-southerncaliforniaedisoncompany-00077955-d with status TERMINATED in ZONE s_carolina will start
Instance vm-rarcot-mnh-00078328 with status TERMINATED in ZONE n_virginia will start
