INSTANCE vm-rchinta-centos73-test with STATUS TERMINATED in ZONE europe-west3-b will stay TERMINATED
INSTANCE vm-spappala-ubuntu16-bigdata631-mysql56-mapr52-00075268 with STATUS TERMINATED in ZONE europe-west3-b will stay TERMINATED
INSTANCE vm-gcp-scheduler with STATUS RUNNING in ZONE us-central1-f will stay RUNNING
INSTANCE vm-windowsserver2012-fabric-631 with STATUS TERMINATED in ZONE us-central1-f will stay TERMINATED
INSTANCE ce-replicator-jagei-61057802 with STATUS RUNNING in ZONE asia-east1-a will stay RUNNING
INSTANCE sandbox-host-hortonworks-com-955b056a with STATUS TERMINATED in ZONE asia-east1-a will stay TERMINATED
INSTANCE vm-zqin-centos6-hdp25-ambari24-jobserver631-00080148 with STATUS RUNNING in ZONE asia-east1-a will stay RUNNING
INSTANCE vm-zqin-centos6-hdp26-sandbox-hortonworks-00080148 with STATUS RUNNING in ZONE asia-east1-a will stay RUNNING
INSTANCE vm-zqin-test with STATUS TERMINATED in ZONE asia-east1-a will stay TERMINATED
INSTANCE vm-hschueler-southerncaliforniaedisoncompany-00077955-d with STATUS TERMINATED in ZONE us-east1-c will stay TERMINATED
INSTANCE vm-ahsiao-centos73-cibuilder621-jenkins-maven35-00079092 with STATUS TERMINATED in ZONE us-west1-b will stay TERMINATED
INSTANCE vm-cchamumont-ws2012-datafabric-631 with STATUS RUNNING in ZONE us-west1-b will stay RUNNING
INSTANCE vm-abanda-windowsserver2012-mysql57-oracle12c-studio-631 with STATUS TERMINATED in ZONE europe-west1-b will stay TERMINATED
INSTANCE vm-mapr-sandbox-for-hadoop-521 with STATUS RUNNING in ZONE europe-west1-b will stay RUNNING
INSTANCE vm-spappala-ws2012-mysql57-oracle12c-studio-tac-631-00075268 with STATUS RUNNING in ZONE europe-west1-b will stay RUNNING
INSTANCE vm-devops-centos7-mysql57-oracle12c with STATUS TERMINATED in ZONE us-east1-d will stay TERMINATED
INSTANCE vm-vmahendrakar-centos7-fabric641-00080388 with STATUS TERMINATED in ZONE us-east1-d will stay TERMINATED
INSTANCE vm-djoshi-ws2012-openldap-00079389 with STATUS TERMINATED in ZONE asia-southeast1-a will stay TERMINATED
INSTANCE vm-rpatel-tac631-mapr-test with STATUS TERMINATED in ZONE asia-southeast1-a will stay TERMINATED
INSTANCE vm-ssugawara-ws2016-talend641-00080015 with STATUS RUNNING in ZONE asia-northeast1-a will stay RUNNING
INSTANCE vm-ahsiao-jobserver631-tdbank-00077577 with STATUS TERMINATED in ZONE us-west1-a will stay TERMINATED
INSTANCE vm-rarcot-mnh-00078328 with STATUS TERMINATED in ZONE us-east4-a will stay TERMINATED
INSTANCE vm-ssampat-windowsserver2012-dataprep-iam-641-00077714 with STATUS RUNNING in ZONE us-east4-a will stay RUNNING
